c:\robotcode\projects\extrinsicintrinsicrepetition\extrinsicintrinsicrepetition\debug\vc143.pdb
c:\robotcode\projects\extrinsicintrinsicrepetition\extrinsicintrinsicrepetition\debug\vc143.idb
c:\robotcode\projects\extrinsicintrinsicrepetition\extrinsicintrinsicrepetition\debug\eir2.obj
c:\robotcode\projects\extrinsicintrinsicrepetition\extrinsicintrinsicrepetition\debug\trcounter626.obj
c:\robotcode\projects\extrinsicintrinsicrepetition\extrinsicintrinsicrepetition\debug\timer626.obj
c:\robotcode\projects\extrinsicintrinsicrepetition\extrinsicintrinsicrepetition\debug\textdisplay.obj
c:\robotcode\projects\extrinsicintrinsicrepetition\extrinsicintrinsicrepetition\debug\stimulatorbox.obj
c:\robotcode\projects\extrinsicintrinsicrepetition\extrinsicintrinsicrepetition\debug\serial.obj
c:\robotcode\projects\extrinsicintrinsicrepetition\extrinsicintrinsicrepetition\debug\screen.obj
c:\robotcode\projects\extrinsicintrinsicrepetition\extrinsicintrinsicrepetition\debug\s626smanager.obj
c:\robotcode\projects\extrinsicintrinsicrepetition\extrinsicintrinsicrepetition\debug\experiment.obj
c:\robotcode\projects\extrinsicintrinsicrepetition\extrinsicintrinsicrepetition\debug\win626.obj
c:\robotcode\projects\extrinsicintrinsicrepetition\extrinsicintrinsicrepetition\debug\extrinsicintrinsicrepetition.ilk
c:\robotcode\projects\extrinsicintrinsicrepetition\debug\extrinsicintrinsicrepetition.exe
c:\robotcode\projects\extrinsicintrinsicrepetition\debug\extrinsicintrinsicrepetition.pdb
c:\robotcode\projects\extrinsicintrinsicrepetition\extrinsicintrinsicrepetition\debug\extrinsi.c968b0d1.tlog\cl.command.1.tlog
c:\robotcode\projects\extrinsicintrinsicrepetition\extrinsicintrinsicrepetition\debug\extrinsi.c968b0d1.tlog\cl.read.1.tlog
c:\robotcode\projects\extrinsicintrinsicrepetition\extrinsicintrinsicrepetition\debug\extrinsi.c968b0d1.tlog\cl.write.1.tlog
c:\robotcode\projects\extrinsicintrinsicrepetition\extrinsicintrinsicrepetition\debug\extrinsi.c968b0d1.tlog\link.command.1.tlog
c:\robotcode\projects\extrinsicintrinsicrepetition\extrinsicintrinsicrepetition\debug\extrinsi.c968b0d1.tlog\link.read.1.tlog
c:\robotcode\projects\extrinsicintrinsicrepetition\extrinsicintrinsicrepetition\debug\extrinsi.c968b0d1.tlog\link.write.1.tlog
