c:\robotcode\projects\extflexchord\efc1\debug\vc143.pdb
c:\robotcode\projects\extflexchord\efc1\debug\vc143.idb
c:\robotcode\projects\extflexchord\efc1\debug\efc1.obj
c:\robotcode\projects\extflexchord\efc1\debug\trcounter626.obj
c:\robotcode\projects\extflexchord\efc1\debug\timer626.obj
c:\robotcode\projects\extflexchord\efc1\debug\textdisplay.obj
c:\robotcode\projects\extflexchord\efc1\debug\stimulatorbox.obj
c:\robotcode\projects\extflexchord\efc1\debug\serial.obj
c:\robotcode\projects\extflexchord\efc1\debug\screen.obj
c:\robotcode\projects\extflexchord\efc1\debug\s626smanager.obj
c:\robotcode\projects\extflexchord\efc1\debug\experiment.obj
c:\robotcode\projects\extflexchord\efc1\debug\win626.obj
c:\robotcode\projects\extflexchord\debug\efc1.exe
c:\robotcode\projects\extflexchord\efc1\debug\efc1.ilk
c:\robotcode\projects\extflexchord\debug\efc1.pdb
c:\robotcode\projects\extflexchord\efc1\debug\efc1.tlog\cl.command.1.tlog
c:\robotcode\projects\extflexchord\efc1\debug\efc1.tlog\cl.read.1.tlog
c:\robotcode\projects\extflexchord\efc1\debug\efc1.tlog\cl.write.1.tlog
c:\robotcode\projects\extflexchord\efc1\debug\efc1.tlog\link.command.1.tlog
c:\robotcode\projects\extflexchord\efc1\debug\efc1.tlog\link.read.1.tlog
c:\robotcode\projects\extflexchord\efc1\debug\efc1.tlog\link.write.1.tlog
